<?xml version="1.0" encoding="UTF-8"?>
<testsuite name="FoodTypeTest" tests="8" skipped="0" failures="0" errors="0" timestamp="2016-05-04T22:08:46" hostname="epicodus-55.local" time="0.191">
  <properties/>
  <testcase name="FoodType_instantiatesCorrectly_true" classname="FoodTypeTest" time="0.078"/>
  <testcase name="equals_returnsTrueIfNamesAretheSame" classname="FoodTypeTest" time="0.005"/>
  <testcase name="getName_categoryInstantiatesWithName_String" classname="FoodTypeTest" time="0.006"/>
  <testcase name="all_emptyAtFirst" classname="FoodTypeTest" time="0.03"/>
  <testcase name="getRestaurants_retrievesAllRestaurantsFromDatabase_tasksList" classname="FoodTypeTest" time="0.028"/>
  <testcase name="save_savesIntoDatabase_true" classname="FoodTypeTest" time="0.015"/>
  <testcase name="find_findFoodTypeInDatabase_true" classname="FoodTypeTest" time="0.014"/>
  <testcase name="save_assignsIdToObject" classname="FoodTypeTest" time="0.015"/>
  <system-out><![CDATA[]]></system-out>
  <system-err><![CDATA[]]></system-err>
</testsuite>
