<?xml version="1.0" encoding="UTF-8"?>
<testsuite name="RestaurantTest" tests="7" skipped="0" failures="0" errors="0" timestamp="2016-05-04T23:21:59" hostname="epicodus-55.local" time="0.077">
  <properties/>
  <testcase name="equals_returnsTrueIfReviewsAretheSame" classname="RestaurantTest" time="0.004"/>
  <testcase name="save_assignsIdToRestaurantObject" classname="RestaurantTest" time="0.014"/>
  <testcase name="all_emptyAtFirst" classname="RestaurantTest" time="0.009"/>
  <testcase name="save_returnsTrueIfReviewsAretheSame" classname="RestaurantTest" time="0.014"/>
  <testcase name="find_findsRestaurantInDatabase_true" classname="RestaurantTest" time="0.013"/>
  <testcase name="save_savesFoodTypeIdIntoDB_true" classname="RestaurantTest" time="0.017"/>
  <testcase name="Restaurant_instantiatesCorrectly_true" classname="RestaurantTest" time="0.005"/>
  <system-out><![CDATA[]]></system-out>
  <system-err><![CDATA[]]></system-err>
</testsuite>
